<?xml version="1.0" encoding="UTF-8"?>
<testsuite xmlns:xsi="http://www.w3.org/2001/XMLSchema-instance" xsi:noNamespaceSchemaLocation="https://maven.apache.org/surefire/maven-surefire-plugin/xsd/surefire-test-report.xsd" name="runners.Runner" time="6.785" tests="1" errors="0" skipped="0" failures="0">
  <properties>
    <property name="awt.toolkit" value="sun.lwawt.macosx.LWCToolkit"/>
    <property name="java.specification.version" value="12"/>
    <property name="sun.jnu.encoding" value="UTF-8"/>
    <property name="java.class.path" value="/Users/test/Desktop/SQL/CMS-INSURANCE-SCRATCH/target/test-classes:/Users/test/Desktop/SQL/CMS-INSURANCE-SCRATCH/target/classes:/Users/test/.m2/repository/org/seleniumhq/selenium/selenium-java/3.14.0/selenium-java-3.14.0.jar:/Users/test/.m2/repository/org/seleniumhq/selenium/selenium-api/3.14.0/selenium-api-3.14.0.jar:/Users/test/.m2/repository/org/seleniumhq/selenium/selenium-chrome-driver/3.14.0/selenium-chrome-driver-3.14.0.jar:/Users/test/.m2/repository/org/seleniumhq/selenium/selenium-edge-driver/3.14.0/selenium-edge-driver-3.14.0.jar:/Users/test/.m2/repository/org/seleniumhq/selenium/selenium-firefox-driver/3.14.0/selenium-firefox-driver-3.14.0.jar:/Users/test/.m2/repository/org/seleniumhq/selenium/selenium-ie-driver/3.14.0/selenium-ie-driver-3.14.0.jar:/Users/test/.m2/repository/org/seleniumhq/selenium/selenium-opera-driver/3.14.0/selenium-opera-driver-3.14.0.jar:/Users/test/.m2/repository/org/seleniumhq/selenium/selenium-remote-driver/3.14.0/selenium-remote-driver-3.14.0.jar:/Users/test/.m2/repository/org/seleniumhq/selenium/selenium-safari-driver/3.14.0/selenium-safari-driver-3.14.0.jar:/Users/test/.m2/repository/org/seleniumhq/selenium/selenium-support/3.14.0/selenium-support-3.14.0.jar:/Users/test/.m2/repository/net/bytebuddy/byte-buddy/1.8.15/byte-buddy-1.8.15.jar:/Users/test/.m2/repository/org/apache/commons/commons-exec/1.3/commons-exec-1.3.jar:/Users/test/.m2/repository/commons-codec/commons-codec/1.10/commons-codec-1.10.jar:/Users/test/.m2/repository/commons-logging/commons-logging/1.2/commons-logging-1.2.jar:/Users/test/.m2/repository/com/google/guava/guava/25.0-jre/guava-25.0-jre.jar:/Users/test/.m2/repository/com/google/code/findbugs/jsr305/1.3.9/jsr305-1.3.9.jar:/Users/test/.m2/repository/org/checkerframework/checker-compat-qual/2.0.0/checker-compat-qual-2.0.0.jar:/Users/test/.m2/repository/com/google/errorprone/error_prone_annotations/2.1.3/error_prone_annotations-2.1.3.jar:/Users/test/.m2/repository/com/google/j2objc/j2objc-annotations/1.1/j2objc-annotations-1.1.jar:/Users/test/.m2/repository/org/codehaus/mojo/animal-sniffer-annotations/1.14/animal-sniffer-annotations-1.14.jar:/Users/test/.m2/repository/org/apache/httpcomponents/httpclient/4.5.5/httpclient-4.5.5.jar:/Users/test/.m2/repository/org/apache/httpcomponents/httpcore/4.4.9/httpcore-4.4.9.jar:/Users/test/.m2/repository/com/squareup/okhttp3/okhttp/3.10.0/okhttp-3.10.0.jar:/Users/test/.m2/repository/com/squareup/okio/okio/1.14.1/okio-1.14.1.jar:/Users/test/.m2/repository/io/github/bonigarcia/webdrivermanager/3.3.0/webdrivermanager-3.3.0.jar:/Users/test/.m2/repository/org/slf4j/slf4j-api/1.7.25/slf4j-api-1.7.25.jar:/Users/test/.m2/repository/commons-io/commons-io/2.6/commons-io-2.6.jar:/Users/test/.m2/repository/com/google/code/gson/gson/2.8.5/gson-2.8.5.jar:/Users/test/.m2/repository/org/apache/commons/commons-lang3/3.8.1/commons-lang3-3.8.1.jar:/Users/test/.m2/repository/org/rauschig/jarchivelib/1.0.0/jarchivelib-1.0.0.jar:/Users/test/.m2/repository/org/apache/commons/commons-compress/1.18/commons-compress-1.18.jar:/Users/test/.m2/repository/junit/junit/4.12/junit-4.12.jar:/Users/test/.m2/repository/org/hamcrest/hamcrest-core/1.3/hamcrest-core-1.3.jar:/Users/test/.m2/repository/org/testng/testng/6.14.3/testng-6.14.3.jar:/Users/test/.m2/repository/com/beust/jcommander/1.72/jcommander-1.72.jar:/Users/test/.m2/repository/org/apache-extras/beanshell/bsh/2.0b6/bsh-2.0b6.jar:/Users/test/.m2/repository/com/aventstack/extentreports/4.0.9/extentreports-4.0.9.jar:/Users/test/.m2/repository/org/freemarker/freemarker/2.3.23/freemarker-2.3.23.jar:/Users/test/.m2/repository/org/mongodb/mongodb-driver/3.3.0/mongodb-driver-3.3.0.jar:/Users/test/.m2/repository/org/mongodb/mongodb-driver-core/3.3.0/mongodb-driver-core-3.3.0.jar:/Users/test/.m2/repository/org/mongodb/bson/3.3.0/bson-3.3.0.jar:/Users/test/.m2/repository/org/apache/httpcomponents/httpmime/4.5.2/httpmime-4.5.2.jar:/Users/test/.m2/repository/io/cucumber/cucumber-java/4.2.6/cucumber-java-4.2.6.jar:/Users/test/.m2/repository/io/cucumber/cucumber-core/4.2.6/cucumber-core-4.2.6.jar:/Users/test/.m2/repository/io/cucumber/cucumber-html/0.2.7/cucumber-html-0.2.7.jar:/Users/test/.m2/repository/io/cucumber/gherkin/5.1.0/gherkin-5.1.0.jar:/Users/test/.m2/repository/io/cucumber/tag-expressions/1.1.1/tag-expressions-1.1.1.jar:/Users/test/.m2/repository/io/cucumber/cucumber-expressions/6.2.0/cucumber-expressions-6.2.0.jar:/Users/test/.m2/repository/io/cucumber/datatable/1.1.12/datatable-1.1.12.jar:/Users/test/.m2/repository/io/cucumber/datatable-dependencies/1.1.12/datatable-dependencies-1.1.12.jar:/Users/test/.m2/repository/io/cucumber/cucumber-testng/4.2.6/cucumber-testng-4.2.6.jar:/Users/test/.m2/repository/log4j/log4j/1.2.17/log4j-1.2.17.jar:/Users/test/.m2/repository/com/sun/mail/javax.mail/1.6.2/javax.mail-1.6.2.jar:/Users/test/.m2/repository/javax/activation/activation/1.1/activation-1.1.jar:/Users/test/.m2/repository/com/twilio/sdk/twilio/7.36.2/twilio-7.36.2.jar:/Users/test/.m2/repository/joda-time/joda-time/2.5/joda-time-2.5.jar:/Users/test/.m2/repository/io/jsonwebtoken/jjwt/0.4/jjwt-0.4.jar:/Users/test/.m2/repository/com/fasterxml/jackson/core/jackson-annotations/2.9.8/jackson-annotations-2.9.8.jar:/Users/test/.m2/repository/com/fasterxml/jackson/core/jackson-databind/2.9.8/jackson-databind-2.9.8.jar:/Users/test/.m2/repository/javax/xml/bind/jaxb-api/2.2/jaxb-api-2.2.jar:/Users/test/.m2/repository/javax/xml/stream/stax-api/1.0-2/stax-api-1.0-2.jar:/Users/test/.m2/repository/com/github/mifmif/generex/1.0.2/generex-1.0.2.jar:/Users/test/.m2/repository/dk/brics/automaton/automaton/1.11-8/automaton-1.11-8.jar:/Users/test/.m2/repository/com/google/zxing/core/3.3.3/core-3.3.3.jar:/Users/test/.m2/repository/com/google/zxing/javase/3.3.3/javase-3.3.3.jar:/Users/test/.m2/repository/com/github/jai-imageio/jai-imageio-core/1.4.0/jai-imageio-core-1.4.0.jar:/Users/test/.m2/repository/com/warrenstrange/googleauth/0.5.0/googleauth-0.5.0.jar:/Users/test/.m2/repository/com/fasterxml/jackson/core/jackson-core/2.9.9/jackson-core-2.9.9.jar:/Users/test/.m2/repository/org/jsoup/jsoup/1.12.1/jsoup-1.12.1.jar:/Users/test/.m2/repository/io/rest-assured/rest-assured/4.1.1/rest-assured-4.1.1.jar:/Users/test/.m2/repository/org/codehaus/groovy/groovy/2.5.6/groovy-2.5.6.jar:/Users/test/.m2/repository/org/codehaus/groovy/groovy-xml/2.5.6/groovy-xml-2.5.6.jar:/Users/test/.m2/repository/org/hamcrest/hamcrest/2.1/hamcrest-2.1.jar:/Users/test/.m2/repository/org/ccil/cowan/tagsoup/tagsoup/1.2.1/tagsoup-1.2.1.jar:/Users/test/.m2/repository/io/rest-assured/json-path/4.1.1/json-path-4.1.1.jar:/Users/test/.m2/repository/org/codehaus/groovy/groovy-json/2.5.6/groovy-json-2.5.6.jar:/Users/test/.m2/repository/io/rest-assured/rest-assured-common/4.1.1/rest-assured-common-4.1.1.jar:/Users/test/.m2/repository/io/rest-assured/xml-path/4.1.1/xml-path-4.1.1.jar:/Users/test/.m2/repository/com/sun/xml/bind/jaxb-osgi/2.3.0.1/jaxb-osgi-2.3.0.1.jar:/Users/test/.m2/repository/org/apache/sling/org.apache.sling.javax.activation/0.1.0/org.apache.sling.javax.activation-0.1.0.jar:/Users/test/.m2/repository/org/zeroturnaround/zt-zip/1.13/zt-zip-1.13.jar:"/>
    <property name="java.vm.vendor" value="Oracle Corporation"/>
    <property name="sun.arch.data.model" value="64"/>
    <property name="java.vendor.url" value="https://java.oracle.com/"/>
    <property name="os.name" value="Mac OS X"/>
    <property name="java.vm.specification.version" value="12"/>
    <property name="sun.java.launcher" value="SUN_STANDARD"/>
    <property name="user.country" value="US"/>
    <property name="sun.boot.library.path" value="/Library/Java/JavaVirtualMachines/jdk-12.0.2.jdk/Contents/Home/lib"/>
    <property name="sun.java.command" value="/Users/test/Desktop/SQL/CMS-INSURANCE-SCRATCH/target/surefire/surefirebooter2098296916967711372.jar /Users/test/Desktop/SQL/CMS-INSURANCE-SCRATCH/target/surefire 2020-02-11T18-27-49_152-jvmRun1 surefire8460196288398819340tmp surefire_011948193568143755372tmp"/>
    <property name="http.nonProxyHosts" value="local|*.local|169.254/16|*.169.254/16"/>
    <property name="jdk.debug" value="release"/>
    <property name="surefire.test.class.path" value="/Users/test/Desktop/SQL/CMS-INSURANCE-SCRATCH/target/test-classes:/Users/test/Desktop/SQL/CMS-INSURANCE-SCRATCH/target/classes:/Users/test/.m2/repository/org/seleniumhq/selenium/selenium-java/3.14.0/selenium-java-3.14.0.jar:/Users/test/.m2/repository/org/seleniumhq/selenium/selenium-api/3.14.0/selenium-api-3.14.0.jar:/Users/test/.m2/repository/org/seleniumhq/selenium/selenium-chrome-driver/3.14.0/selenium-chrome-driver-3.14.0.jar:/Users/test/.m2/repository/org/seleniumhq/selenium/selenium-edge-driver/3.14.0/selenium-edge-driver-3.14.0.jar:/Users/test/.m2/repository/org/seleniumhq/selenium/selenium-firefox-driver/3.14.0/selenium-firefox-driver-3.14.0.jar:/Users/test/.m2/repository/org/seleniumhq/selenium/selenium-ie-driver/3.14.0/selenium-ie-driver-3.14.0.jar:/Users/test/.m2/repository/org/seleniumhq/selenium/selenium-opera-driver/3.14.0/selenium-opera-driver-3.14.0.jar:/Users/test/.m2/repository/org/seleniumhq/selenium/selenium-remote-driver/3.14.0/selenium-remote-driver-3.14.0.jar:/Users/test/.m2/repository/org/seleniumhq/selenium/selenium-safari-driver/3.14.0/selenium-safari-driver-3.14.0.jar:/Users/test/.m2/repository/org/seleniumhq/selenium/selenium-support/3.14.0/selenium-support-3.14.0.jar:/Users/test/.m2/repository/net/bytebuddy/byte-buddy/1.8.15/byte-buddy-1.8.15.jar:/Users/test/.m2/repository/org/apache/commons/commons-exec/1.3/commons-exec-1.3.jar:/Users/test/.m2/repository/commons-codec/commons-codec/1.10/commons-codec-1.10.jar:/Users/test/.m2/repository/commons-logging/commons-logging/1.2/commons-logging-1.2.jar:/Users/test/.m2/repository/com/google/guava/guava/25.0-jre/guava-25.0-jre.jar:/Users/test/.m2/repository/com/google/code/findbugs/jsr305/1.3.9/jsr305-1.3.9.jar:/Users/test/.m2/repository/org/checkerframework/checker-compat-qual/2.0.0/checker-compat-qual-2.0.0.jar:/Users/test/.m2/repository/com/google/errorprone/error_prone_annotations/2.1.3/error_prone_annotations-2.1.3.jar:/Users/test/.m2/repository/com/google/j2objc/j2objc-annotations/1.1/j2objc-annotations-1.1.jar:/Users/test/.m2/repository/org/codehaus/mojo/animal-sniffer-annotations/1.14/animal-sniffer-annotations-1.14.jar:/Users/test/.m2/repository/org/apache/httpcomponents/httpclient/4.5.5/httpclient-4.5.5.jar:/Users/test/.m2/repository/org/apache/httpcomponents/httpcore/4.4.9/httpcore-4.4.9.jar:/Users/test/.m2/repository/com/squareup/okhttp3/okhttp/3.10.0/okhttp-3.10.0.jar:/Users/test/.m2/repository/com/squareup/okio/okio/1.14.1/okio-1.14.1.jar:/Users/test/.m2/repository/io/github/bonigarcia/webdrivermanager/3.3.0/webdrivermanager-3.3.0.jar:/Users/test/.m2/repository/org/slf4j/slf4j-api/1.7.25/slf4j-api-1.7.25.jar:/Users/test/.m2/repository/commons-io/commons-io/2.6/commons-io-2.6.jar:/Users/test/.m2/repository/com/google/code/gson/gson/2.8.5/gson-2.8.5.jar:/Users/test/.m2/repository/org/apache/commons/commons-lang3/3.8.1/commons-lang3-3.8.1.jar:/Users/test/.m2/repository/org/rauschig/jarchivelib/1.0.0/jarchivelib-1.0.0.jar:/Users/test/.m2/repository/org/apache/commons/commons-compress/1.18/commons-compress-1.18.jar:/Users/test/.m2/repository/junit/junit/4.12/junit-4.12.jar:/Users/test/.m2/repository/org/hamcrest/hamcrest-core/1.3/hamcrest-core-1.3.jar:/Users/test/.m2/repository/org/testng/testng/6.14.3/testng-6.14.3.jar:/Users/test/.m2/repository/com/beust/jcommander/1.72/jcommander-1.72.jar:/Users/test/.m2/repository/org/apache-extras/beanshell/bsh/2.0b6/bsh-2.0b6.jar:/Users/test/.m2/repository/com/aventstack/extentreports/4.0.9/extentreports-4.0.9.jar:/Users/test/.m2/repository/org/freemarker/freemarker/2.3.23/freemarker-2.3.23.jar:/Users/test/.m2/repository/org/mongodb/mongodb-driver/3.3.0/mongodb-driver-3.3.0.jar:/Users/test/.m2/repository/org/mongodb/mongodb-driver-core/3.3.0/mongodb-driver-core-3.3.0.jar:/Users/test/.m2/repository/org/mongodb/bson/3.3.0/bson-3.3.0.jar:/Users/test/.m2/repository/org/apache/httpcomponents/httpmime/4.5.2/httpmime-4.5.2.jar:/Users/test/.m2/repository/io/cucumber/cucumber-java/4.2.6/cucumber-java-4.2.6.jar:/Users/test/.m2/repository/io/cucumber/cucumber-core/4.2.6/cucumber-core-4.2.6.jar:/Users/test/.m2/repository/io/cucumber/cucumber-html/0.2.7/cucumber-html-0.2.7.jar:/Users/test/.m2/repository/io/cucumber/gherkin/5.1.0/gherkin-5.1.0.jar:/Users/test/.m2/repository/io/cucumber/tag-expressions/1.1.1/tag-expressions-1.1.1.jar:/Users/test/.m2/repository/io/cucumber/cucumber-expressions/6.2.0/cucumber-expressions-6.2.0.jar:/Users/test/.m2/repository/io/cucumber/datatable/1.1.12/datatable-1.1.12.jar:/Users/test/.m2/repository/io/cucumber/datatable-dependencies/1.1.12/datatable-dependencies-1.1.12.jar:/Users/test/.m2/repository/io/cucumber/cucumber-testng/4.2.6/cucumber-testng-4.2.6.jar:/Users/test/.m2/repository/log4j/log4j/1.2.17/log4j-1.2.17.jar:/Users/test/.m2/repository/com/sun/mail/javax.mail/1.6.2/javax.mail-1.6.2.jar:/Users/test/.m2/repository/javax/activation/activation/1.1/activation-1.1.jar:/Users/test/.m2/repository/com/twilio/sdk/twilio/7.36.2/twilio-7.36.2.jar:/Users/test/.m2/repository/joda-time/joda-time/2.5/joda-time-2.5.jar:/Users/test/.m2/repository/io/jsonwebtoken/jjwt/0.4/jjwt-0.4.jar:/Users/test/.m2/repository/com/fasterxml/jackson/core/jackson-annotations/2.9.8/jackson-annotations-2.9.8.jar:/Users/test/.m2/repository/com/fasterxml/jackson/core/jackson-databind/2.9.8/jackson-databind-2.9.8.jar:/Users/test/.m2/repository/javax/xml/bind/jaxb-api/2.2/jaxb-api-2.2.jar:/Users/test/.m2/repository/javax/xml/stream/stax-api/1.0-2/stax-api-1.0-2.jar:/Users/test/.m2/repository/com/github/mifmif/generex/1.0.2/generex-1.0.2.jar:/Users/test/.m2/repository/dk/brics/automaton/automaton/1.11-8/automaton-1.11-8.jar:/Users/test/.m2/repository/com/google/zxing/core/3.3.3/core-3.3.3.jar:/Users/test/.m2/repository/com/google/zxing/javase/3.3.3/javase-3.3.3.jar:/Users/test/.m2/repository/com/github/jai-imageio/jai-imageio-core/1.4.0/jai-imageio-core-1.4.0.jar:/Users/test/.m2/repository/com/warrenstrange/googleauth/0.5.0/googleauth-0.5.0.jar:/Users/test/.m2/repository/com/fasterxml/jackson/core/jackson-core/2.9.9/jackson-core-2.9.9.jar:/Users/test/.m2/repository/org/jsoup/jsoup/1.12.1/jsoup-1.12.1.jar:/Users/test/.m2/repository/io/rest-assured/rest-assured/4.1.1/rest-assured-4.1.1.jar:/Users/test/.m2/repository/org/codehaus/groovy/groovy/2.5.6/groovy-2.5.6.jar:/Users/test/.m2/repository/org/codehaus/groovy/groovy-xml/2.5.6/groovy-xml-2.5.6.jar:/Users/test/.m2/repository/org/hamcrest/hamcrest/2.1/hamcrest-2.1.jar:/Users/test/.m2/repository/org/ccil/cowan/tagsoup/tagsoup/1.2.1/tagsoup-1.2.1.jar:/Users/test/.m2/repository/io/rest-assured/json-path/4.1.1/json-path-4.1.1.jar:/Users/test/.m2/repository/org/codehaus/groovy/groovy-json/2.5.6/groovy-json-2.5.6.jar:/Users/test/.m2/repository/io/rest-assured/rest-assured-common/4.1.1/rest-assured-common-4.1.1.jar:/Users/test/.m2/repository/io/rest-assured/xml-path/4.1.1/xml-path-4.1.1.jar:/Users/test/.m2/repository/com/sun/xml/bind/jaxb-osgi/2.3.0.1/jaxb-osgi-2.3.0.1.jar:/Users/test/.m2/repository/org/apache/sling/org.apache.sling.javax.activation/0.1.0/org.apache.sling.javax.activation-0.1.0.jar:/Users/test/.m2/repository/org/zeroturnaround/zt-zip/1.13/zt-zip-1.13.jar:"/>
    <property name="sun.cpu.endian" value="little"/>
    <property name="user.home" value="/Users/test"/>
    <property name="user.language" value="en"/>
    <property name="java.specification.vendor" value="Oracle Corporation"/>
    <property name="java.version.date" value="2019-07-16"/>
    <property name="java.home" value="/Library/Java/JavaVirtualMachines/jdk-12.0.2.jdk/Contents/Home"/>
    <property name="file.separator" value="/"/>
    <property name="basedir" value="/Users/test/Desktop/SQL/CMS-INSURANCE-SCRATCH"/>
    <property name="java.vm.compressedOopsMode" value="Zero based"/>
    <property name="line.separator" value="&#10;"/>
    <property name="java.vm.specification.vendor" value="Oracle Corporation"/>
    <property name="java.specification.name" value="Java Platform API Specification"/>
    <property name="java.awt.graphicsenv" value="sun.awt.CGraphicsEnvironment"/>
    <property name="surefire.real.class.path" value="/Users/test/Desktop/SQL/CMS-INSURANCE-SCRATCH/target/surefire/surefirebooter2098296916967711372.jar"/>
    <property name="sun.management.compiler" value="HotSpot 64-Bit Tiered Compilers"/>
    <property name="ftp.nonProxyHosts" value="local|*.local|169.254/16|*.169.254/16"/>
    <property name="java.runtime.version" value="12.0.2+10"/>
    <property name="user.name" value="test"/>
    <property name="path.separator" value=":"/>
    <property name="os.version" value="10.14.4"/>
    <property name="java.runtime.name" value="Java(TM) SE Runtime Environment"/>
    <property name="file.encoding" value="UTF-8"/>
    <property name="browser" value="chrome"/>
    <property name="java.vm.name" value="Java HotSpot(TM) 64-Bit Server VM"/>
    <property name="localRepository" value="/Users/test/.m2/repository"/>
    <property name="cucumber.options" value="--tags @demo1"/>
    <property name="java.vendor.url.bug" value="https://bugreport.java.com/bugreport/"/>
    <property name="java.io.tmpdir" value="/var/folders/fq/gklp6t652wxfw7gx9p52xys00000gn/T/"/>
    <property name="java.version" value="12.0.2"/>
    <property name="user.dir" value="/Users/test/Desktop/SQL/CMS-INSURANCE-SCRATCH"/>
    <property name="os.arch" value="x86_64"/>
    <property name="java.vm.specification.name" value="Java Virtual Machine Specification"/>
    <property name="java.library.path" value="/Users/test/Library/Java/Extensions:/Library/Java/Extensions:/Network/Library/Java/Extensions:/System/Library/Java/Extensions:/usr/lib/java:."/>
    <property name="java.vm.info" value="mixed mode, sharing"/>
    <property name="java.vendor" value="Oracle Corporation"/>
    <property name="java.vm.version" value="12.0.2+10"/>
    <property name="sun.io.unicode.encoding" value="UnicodeBig"/>
    <property name="socksNonProxyHosts" value="local|*.local|169.254/16|*.169.254/16"/>
    <property name="java.class.version" value="56.0"/>
  </properties>
  <testcase name="runScenario" classname="runners.Runner" time="0.815"/>
</testsuite>