<?xml version="1.0" encoding="UTF-8"?>
<!-- Generated by org.testng.reporters.JUnitReportReporter -->
<testsuite hostname="tests-MacBook-Air.local" failures="0" tests="1" name="runners.Runner" time="4.808" errors="0" timestamp="11 Feb 2020 23:27:56 GMT" skipped="0">
  <testcase classname="runners.Runner" name="runScenario" time="4.808"/>
</testsuite> <!-- runners.Runner -->
